2018-09-27 14:28:20,032 [myid:] - INFO  [main:QuorumPeerConfig@136] - Reading configuration from: /opt/zookeeper-3.4.12/bin/../conf/zoo.cfg
2018-09-27 14:28:20,045 [myid:] - WARN  [main:QuorumPeer$QuorumServer@190] - Failed to resolve address: slave2
java.net.UnknownHostException: slave2: Name or service not known
	at java.net.Inet6AddressImpl.lookupAllHostAddr(Native Method)
	at java.net.InetAddress$2.lookupAllHostAddr(InetAddress.java:928)
	at java.net.InetAddress.getAddressesFromNameService(InetAddress.java:1323)
	at java.net.InetAddress.getAllByName0(InetAddress.java:1276)
	at java.net.InetAddress.getAllByName(InetAddress.java:1192)
	at java.net.InetAddress.getAllByName(InetAddress.java:1126)
	at java.net.InetAddress.getByName(InetAddress.java:1076)
	at org.apache.zookeeper.server.quorum.QuorumPeer$QuorumServer.recreateSocketAddresses(QuorumPeer.java:180)
	at org.apache.zookeeper.server.quorum.QuorumPeer$QuorumServer.<init>(QuorumPeer.java:152)
	at org.apache.zookeeper.server.quorum.QuorumPeerConfig.parseProperties(QuorumPeerConfig.java:240)
	at org.apache.zookeeper.server.quorum.QuorumPeerConfig.parse(QuorumPeerConfig.java:152)
	at org.apache.zookeeper.server.quorum.QuorumPeerMain.initializeAndRun(QuorumPeerMain.java:104)
	at org.apache.zookeeper.server.quorum.QuorumPeerMain.main(QuorumPeerMain.java:81)
2018-09-27 14:28:20,047 [myid:] - WARN  [main:QuorumPeer$QuorumServer@190] - Failed to resolve address: slave1
java.net.UnknownHostException: slave1: Name or service not known
	at java.net.Inet6AddressImpl.lookupAllHostAddr(Native Method)
	at java.net.InetAddress$2.lookupAllHostAddr(InetAddress.java:928)
	at java.net.InetAddress.getAddressesFromNameService(InetAddress.java:1323)
	at java.net.InetAddress.getAllByName0(InetAddress.java:1276)
	at java.net.InetAddress.getAllByName(InetAddress.java:1192)
	at java.net.InetAddress.getAllByName(InetAddress.java:1126)
	at java.net.InetAddress.getByName(InetAddress.java:1076)
	at org.apache.zookeeper.server.quorum.QuorumPeer$QuorumServer.recreateSocketAddresses(QuorumPeer.java:180)
	at org.apache.zookeeper.server.quorum.QuorumPeer$QuorumServer.<init>(QuorumPeer.java:152)
	at org.apache.zookeeper.server.quorum.QuorumPeerConfig.parseProperties(QuorumPeerConfig.java:240)
	at org.apache.zookeeper.server.quorum.QuorumPeerConfig.parse(QuorumPeerConfig.java:152)
	at org.apache.zookeeper.server.quorum.QuorumPeerMain.initializeAndRun(QuorumPeerMain.java:104)
	at org.apache.zookeeper.server.quorum.QuorumPeerMain.main(QuorumPeerMain.java:81)
2018-09-27 14:28:20,048 [myid:] - INFO  [main:QuorumPeer$QuorumServer@184] - Resolved hostname: localhost to address: localhost/127.0.0.1
2018-09-27 14:28:20,049 [myid:] - INFO  [main:QuorumPeerConfig@398] - Defaulting to majority quorums
2018-09-27 14:28:20,049 [myid:] - ERROR [main:QuorumPeerMain@88] - Invalid config, exiting abnormally
org.apache.zookeeper.server.quorum.QuorumPeerConfig$ConfigException: Error processing /opt/zookeeper-3.4.12/bin/../conf/zoo.cfg
	at org.apache.zookeeper.server.quorum.QuorumPeerConfig.parse(QuorumPeerConfig.java:156)
	at org.apache.zookeeper.server.quorum.QuorumPeerMain.initializeAndRun(QuorumPeerMain.java:104)
	at org.apache.zookeeper.server.quorum.QuorumPeerMain.main(QuorumPeerMain.java:81)
Caused by: java.lang.IllegalArgumentException: /data/zookeeper/myid file is missing
	at org.apache.zookeeper.server.quorum.QuorumPeerConfig.parseProperties(QuorumPeerConfig.java:408)
	at org.apache.zookeeper.server.quorum.QuorumPeerConfig.parse(QuorumPeerConfig.java:152)
	... 2 more
Invalid config, exiting abnormally
